1704992014057:jnjnj
1704992023094:i dsfj fdljsa
1704992044784:i fdsklfj asdf
1704992964899:i -f fdsfdsf -l dfsdljkf
1704992980958:i --f fdsfdsf --l dfsdljkf
1704993418329:add --f fdsfsf --l fdsfdsfsdf
1704993431363:list
1704993781889:add --f fdfldsjfd --l fjdkshfkjsdhf
1704993794934:list
1704993813006:delete --id fa983a28-c1a5-454f-9a3a-a2f97dad4de9
1704993823049:list
1704999385750:add --f fdsfklldskf --l fkdsflskfjs
1704999390769:list
1704999396796:add --f fdsfklldskf --l fkdsflskfjs
1704999400814:list
1704999410853:delete --id 4a2f41ee-b957-4ca9-bfe7-ac90968e5431
1704999413861:list
1704999417873:clean
1704999422885:list
1704999831218:add --f fdkfjs --l flksdflkdsj
1705000339047:delete --id fsdkjfskljfsfl;
